<?xml version="1.0" encoding="UTF-8"?>
<!-- Generated by org.testng.reporters.JUnitXMLReporter -->
<testsuite hostname="LAPTOP-1IKM18D7" ignored="0" name="Default test" tests="4" failures="0" timestamp="09 Oct 2024 15:39:20 GMT" time="0.029" errors="0">
  <testcase name="funA" time="0.006" classname="testNGFeatures.TestNGDemo2"/>
  <testcase name="funB" time="0.001" classname="testNGFeatures.TestNGDemo2"/>
  <testcase name="funC" time="0.001" classname="testNGFeatures.TestNGDemo2"/>
  <testcase name="funD" time="0.0" classname="testNGFeatures.TestNGDemo2"/>
</testsuite> <!-- Default test -->
